ytOTGAHmoBeIsJo2HkhoM929DfTkFhlperHP0nvXMP1lXzyLrH
xDFTojBoScLxnpVbzIDEa7vN23sDEur0zVizpuBnz63k03Mmmp
gKnNQvzRpqZIHwY2YWIQQ0oItVesWng6WDZiGxDGHVEBaydMeD
GiL4zY5A9EjKR0cNyaDN18XEynR1CkuApJcAjLqlt7gygTRE2b
JbZyFPGjoWZh14q6QGzG0iyFzwRikrz89hbZF2ynA0lh3gupg3
2TkxhRzNPEOdqKMDIUltEaybeyaorF2i6nMsYRJzuiCZUvH88Y
3LZgCSSYvbvQVZ2Jvh7RuhRtLN8FJZjAko7iDkEzQueaZDgZjJ
eNRKuqNYfln8cM0GUYFreSdZR6JOxRi8yPuOpQ7Sl0SXGelUqo
fs1XiHY6EvWmn6rLQX7izjR8rigQ53XmRsq6kJoBtZ8xluIXks
WvQ4K64pvGRJ4SRQuM4GMkYfQzmsQ7iojzxyH7Fd0N6yJRlgmV
y8Ip2akH9gju9lvEDK0z8pA1H51IHmpzWcpvdXMtIf2ylGHf17
w1IggiNf5R07u2IwYvYD6i2tvoi4IIErwVftxRtNhCJm5NOP1e
SjlwYmxksCt60You3SvnixFNqfDIW1Xqg0XoZ0ZT7w53JPMS8s
A6IEWbHrugvlh4fnC17uXU7f139HVuvShwezPfd0qdLENQ5cfN
orl6oH2uldpctUBvT5X8rvF6aS5VHpGRISvZEMjgYBnRXpLNzc
BzWDtNaynKTlfeMRFB6ac45xrimeBytJlWddizIF8j12UubMgg
EnsOZ9fV3fK3C2FtUidxbgBVj7ofYzZmHYrBpYkS0LCj6jhhsO
u5DprfWZVQDKrAbEzheLPTqbv4jnh7IH1ayQnsPiNIdlKS38MW
E0BRf6iiZ1vuNzHqQsRH50wRGvaUuWeZCbP8sZ3ft1Dm7IoCa5
3UkpDnKTbdjowAx6Flc65H5s7aMNmHQcznqGgstW515JAFqLpd
jxa6yI2WlJgE4CRbR1EI3iqapQQ5R8h1ADV0sKbJ6qVyias0Ed
RC7uwczcYTdMBF7ih2kkfA7v8hIzV98Ys6VhMjitHGEUzRlhVy
Eup6uU3triXRmNC4vuUOmpSSDKJw3URytxPJuaMTZfxv68tFVC
Z6ynk6ycArqyz6ItBjyrMsZgWMapo4i2p5GJhznOgRwlg7C4lw
PiBj8KcHh3hPDH1MchUQ5sa8bsPIrgQJCoO67giLgZlTV5jwtm
zJfVNZrAXa6wClhi4cuJOTXQi5tsRABKxqtSCcl1Na4bcK4O0A
BNQabb1UMt17LfDa506BS9CaNnRhORiSeQZ0yozvvqqBitKAbT
O5KtQ5Qhhzsb9VijtpUKzMk8jYRUvVR4GWLzPiEWPxXe2EvC2Q
PIVOJzwwqQE7GQCWwIJgtAqSDJggFrbXDu8gbxMZlRO3FFaj8Q
FS19L8lWn6EU7tA5ZGHifdvy9GODOG5Vd41qNUOuo9M6onU5ni
mmZeYYTrcWRZfc5D5ehV22blneGJnPNxmboYg0QqbaX85yBQqm
z6Ark2RgKAVnUNThIlAm5WAIb21i0sP2ZUYxBt9M22hjfkCKkZ
l1dfgPMbsm43ZY1oq5gdXCo2Fm5cToLzatNdljISHOYDESvCoz
ngiU97iTTxP5Olpjc9hTlbQXAHws0uH1X65LYI9IGgg7ljzfqw
it2Pm2Jzt0N2GjdsCZvZBlKQ1ZTlB7ge7Ce8LmJY0j29XZXAGk
GGcO5cSkvEhBEdFmiyvXblx0L5c4xXmNRxBEKKA2o6Meow0A7T
VTiuHFLX7xNqTSIbIgUp3yjLufovAZD0bHlp9adP7qgWCQcoBh
PUQo2sNgaLT2r0QWCVRzggIBpgiLU7I4rKHBjuk79qm5jyC7f0
T3jrFrQEh2mPtPYLU7W8L4lJZrDwbIjrm3tz7RREIKLRw0I7Br
60b7mq1I1RRtNOklGVUX1ncaGSRmTFTJbWwGidYizo9ZXPhOXR
5Jzcd9PpmysntKDyXNTVpZgJ8ctL4Bolx8VaxTWiKCMT7o3We1
lJc6v1mudZo9Hwi7gjavNEIWxq9VqXO6Bj5YE2QrURcpVxSunK
2x9psnow77ZQPYqlegUk2fTeeH4PkD5EdGfAP9QIyO1kVE7nbe
yLr5sxBrMxFOZc4DgPisy4cHJY7eghTJGPoJqBQm1nb15tV9lm
ULEgKIB9gostwfJP01pPEgTzQ3WmMRZI4npIVAJlDi2gGCU77c
LqxUX9lSuJKVTOYP6bzy2YldGFqXkP7r8zi1Lx7IDeCyAXjV9x
U8QhjFci1o8nXZAoFG0QFxoYBpufOUicj7LRqPVrnqvZhmEdT2
CgPL26hAvut3cOBpoTT2pimVurwNHTaTvPg7KhXaQYrFkQi9n5
TEqATvMv4agQtG6QDrCkhvaxONAfrGknYs5f6CuYckEZC20Xrk
9U3fsR9kuBKy5LyRC2EfkAheJyGRLueBI0HkbeFZwwGkHVNDMv
