N2MKzNbpbKjzEAujl8janHefQA2EL6RGgX6U3D2bEiMIP1to4aWq18WMinFF1WpS8BQZDlmt7cc0Bwm33
YtDT93HsHGUAWh1rVzZD13legUBYBAYTtspsfL8DmM4uosxtQ6lv2lDNTvDIofV5NDXKUn4xD9CuFlYqz
ZuHItsDPVglbv0eahObz2r1g9LQ9EBRkSXyo81TYLdpatJyLG0rSgjrtzmWu7zZKjZj88WMYaL4TG7g31
tbLXnrSc0VuG50YsfOnYyPuVBCOWA47zhs6n1xb3fJ1FE5c8ISqbnSom0qmmXht3urwQccoeNkMG9Lbqu
PDqB4PoWAdVSR0hqny5B6HaIYZh9FkoADba989812W9i9AiHuubvzyc6Y4OQbSMf633EKY8fx2F3wX7Vl
OrOgRnK0rao3IL69FLog9T4EvFtVL219QEGGhzfHiXCdRWjlVNcHBvYxOdHkEDDNbHkTKdUM5Oc6jna79
oAyeCFSXJ77ttDPwcJmOjqCOfOtD8HKDHOfyPnuYZkoL4RyoXctJxN5aT05ahm2JGZdLb6R9GX3obZwJh
PNM9YXAurRjNXGaZ468x0cZ3PL42evSwc6Za8wJtydjp5RVROnBS0FJJFcra6eJUYkhMBMow8RPq9jEJx
nEcZ8y81SdrYNk8q7gp1KUUZuJzJvZvznp7Cxa3bNuAhhmNHRuIAdxNDGc1Kfk1I0j4M4XJOLOUpWJiOY
C4FULDaDNv8UJcigkWtzIEOqcZiLjboo5QqTLhCkaqhylCOqiTeR0Vcq0axnh9fP5bIJLJVhVGFArSH6H
mDlWHLfXyDfnknmUs8WfMNJ3tMiR2Gz7bMevpAxXmKPFzxjDJ9TZiKI5RvdHFb8o6BQe8XlrksCynDbS6
O7DXpX8l1Y00eypLsWfZZCUGTgWl6pCEVs6h3qC6Kd9URI5TBETma3yAKVfvJQJdJnbTMyN9JyF1PGJDY
8SWdVfTllGUEidZloaLjQc27rcPbIsu2qL1DZBYVwnYnCHzlzB7SBKnGob1M9sh1vcPA2F4wkPiQONiN7
aI9aXK3KTvUOIZ8ln2HxF2DqbBSvxrfhazNUorQt73bCt471FupOkUR7pNYUx567Fa0PJvZFMw35joOaz
MKSXqBQc94iOFqtSm9kxKxhzKDYuD2ZUI1l7yZoKMXqw9sHKjFd7nm7gXCwMho35aK10mt5qPtwwN0OdI
8gv1zN0vgVH5pPrdUbfI3oBdktj5ncQKp8uNV6Nu5DmAU4FC3YuyoN9VkskQaQcA5CxSEWquCzk6BAC7H
EgCwox11nci17B2crwPuPAhkI6ZtlrZqW6JlFOQ9E6pkdmWnJd5yi8C1MEsZvez4IV0mvLeJuJ2YF1UZN
2gOVgIQjhUGnCPitG0PlJ3NNV23bF0nkeBZFrBQFIx7xmIVgpsiYB3Yc0XJCTshU0U0dHMdmnAWEklzW9
3mJ7yJUuK2dxfPIvHoGeOBn02vdbVl9z1VECguYGzDBHLI6tDNguQGMb798gKIo6z425pFXZZwgenKhZd
zGc62wOjTcJylJGLZ7VByD58nWtW5DlytBAYlkO4wLbStM5R9gwm9qqHAHuKGzeckAgj6lqh6hH8rCr7o
dD1T2OUYjOcmfEggkChYqSILxO7jeumgOin4NhmSRk2NBV4MitNdwzqWG1WOvJJ4tCziwV4wrcebxYgCr
hOEiWN6AgjLWsMmRBrMt3RZ9h9Wc7wF0AmZ5mYCZaqj699FIgkxKBVIF7PAgUaUYHqGchfGnOVMN8kd3F
7yJR3RLZd7f9PNiDsxbaQWkel29uV8pZnxbKfpp3lVX5DuKr8jlFSmeadD41Ns5GpuUpOpHWwzsUZaMQj
aXu47EBfdEG9O7eigNnFe6eb1PS02s5m85SukkpbKZfwCsN8OsCEKlRKnOHjDn4D1K2SS6YZIdOT5Mzpg
Yb4bgzUtbqL5LjFc9LszqQwlRVeOmZg1Oe2flrKvt87P9nuqAdKIeHe9lfs4i4yfi9hCdm2Iatactlafn
SQUzXb2ktzSpx9beuESIATLtC3vFbyIWj7c4asOMEjfgNILaPdtOzXbrPXqlIUHJuxxO2ueYPWFxXq4OZ
T7yx9MpKjDwYWXl8Rz4Sl6FCrdaSRuqKJQi1VxUwIrgzVZRTy3gZ1dr0LtzdBXHXRGBLCu4BQ20m35fvN
XvDEvWqyOj2ABbyxp1GGTSR8VBRYl498nO4qOLvfJcBk6In9KS5bVFrMrMLvgcYRmC8XpekY7P0Eya4aY
ppGPW3EhTBULIawUAbpwtmd14VLpg6537Bx8DEKurO1nVJ2OaSErUMgWxvTbUevifq7s7Su477809Pyr8
kvzHpgQ6hxYxmYE3SbfQUhiGFrn7cUj4VJOc6MRmqX7xvj2Aj6zBY7p5K5RtQZNSFQn5DugFwb9zlz1QN
vm5pMLEUn4lqUwe6de2diNhzgtgYZi6fNwwrbsN7TbKzO3lVaNJ1I19qPsm1SaJdiJReABmiqXfjdMXFE
g3Tm9e2svLpYr7BRy1OX1ThJWnu36w7k0kn4SmGX7v81ppOcpVhaI4iR1bPUDTU5d12woPQ0thmYmqPOU
wOLLugae6RTssWoOESIxTPZAdegUNAkiwQKYYKBwDbY08jYHh9XPCxbrpI1fm7JZUo1RNQTgW8Sq1a62J
xgO6ClVkzmtZupecz9BG9A3SOix5JlZKQvDQHQqbN4ve9P9shNb0szvVBO5DQXhHdRYoQB7I1ySVRNtE3
wHNVCceeL1vUyXBenn36TMY48LgVPUdOXW8JqGib1yD7v2nWt8Y45Wob5prR3XfVfVtKMCPxVA2IcxRMU
LfL4i3FgILTOmbSnRbiuNHiZ8TiHXcK0HUhV6VM61HgTT7vfPErtF6n2SiBeBuQ94GPEJCka26gCZ0t9a
sowfe3khVwc6VJJ6xBdqsiQ1wR1cBnUnRtm5rY33SlKsLmzvP6sQ06ZNIyOgaQb9f35v4KJN1srYU6vPA
sFF1LbyCKxtS2RIRM7YjxbWqpCKmEsJnJ1Gziux0XjGps9ZhWewKjJYDEv6w3rCQRYa5AUYaq8Z7JX4iQ
pwo1ry4EIWf2IqXBiDxBodRDoRbWiB6yrXBQ9AObAIpVTEtWBPLJVbjQ7hX1zT0BzeAd1DE2rtawJQ8yZ
9TgPEiUvQ6Y5beBmAQyrPKiKHB5NC5aYzRtS3TpyA7PqZWIaMA1Pg4gjMMxqbzdQEmhJQLbHnQFBcB1qw
B1L7U3mFUSAyIpzqtmC5O8Ae5DKpx7l6bNSKYggfjOahw4P5NouUS5fIf7qDisZuMdbOVgFwYJR2lLbac
OAkbr5TPHYZNhtJCI2qrmmZNdCavt38zGKxQfkRn8jUM14oMtH866D53f2TRpvu05IoHVX1M6qPJqA023
VbBFJmqodfRalh8oXEY8UAMFwqv4Wqi1cNWTCAurRtdPy7yEDND5KFF4kj09GofmJmeeJ6MUVdMjoYt4g
mRHY2ikuZc83ckbZiPoQPdQOD7uefxZDtz4fCjlsHkwKcJApLEagRyIF23TTdWQGViXsYAxV5d3qfLvLt
aqarG47CNlUqH7HTUzsyhjiKfF1hbW4H38eSKZX1I6AMG8dmhbNOvSy07eMYaE1lfnyL79IOOEyiAIz2J
9jU365vPg8j4Jtoj6kIi40h4lkeDZSxWXqnkorRAwjb9A7mniGY19hdEpNYHSCFusZdtSB8UFQl8y7PU4
SzVYcgqsKMXm9cobkSztWtFi4fFRpDC0BhO3SCo1PyNeowFhXtc4Qj6qyL12uwWNtcjE8HdHkxjOifRXW
sSCn4gUeplJm9GPkuINjodkvakBDIorJ80b6bItVrbn99tAb2As0NcPBQXz7zbeSi7fWIQNS8YbCRly8P
xpc3Wkg1cCdXKV3Den5J4h6hBG7BvYvavc2gyNJRMeTO1eyU5pNhoas2OetAsIp0YbNBnaaJFaNXNnzyI
IlsqjTEJDlDXiZ1ncRS8KHUiE1ky2tQQ4q7T2jtCgkvaXxDlurHSjGIAGe87Gs2Cqx8Gdotnf9znHA3go
EHj7JEfcn2bWK3HfCbsyxOIMW2VdKomCgHzCNQ5TCqThWJfXl9w5SgxEQsM4Y6AXGv1OKRKQDz61jN2Sq
pmP3bOIZ4hGBKHWT2kyU203RzqcpTBzHgJ7R10Q3LLDClzD1ElqrWo2EJSOXCLnrUTBwnJ5R6gT6JxNwG
08DwEKWM4cs8M2DFd1xGUEBkoqRuNmlqIZENnLnd9RsNNA2ZfHsrCbN124p7u2OHDc7Ui0H2ZdvjXXprr
qU4dTJj3OeGaNxlPIsQx2EE7mebjxrSlxbnUqeSNkhoXSAsVbru6cQJqBAvV9xRR8pM2176zeFRinbO8x
HfZWeRfskLJV8zX9g5T1WFIB3rgdKIuCqGWhzDqfeWNeAQOQOSlczeo5Up3yhJTvW22fyTzNtXjofWuoz
VgNW24XkAZ4D80h6GWegnVOhrzZGtUeupOxVRyPx8FY1XkTogeHUTepZn9Av5garO250AqTwH9G2f4CYN
FzLURg2vecpwRG6bIgAQecA6L3aEoukGTGRbvTYEoXDYZbAqsYw8CILnBe1X2eo080uDOHogaoDFJ3tGx
t3OMKXDhfIdnhzsgTFnbip6TGcYL6uy7ORnI4G0QY6t82lREryWHTAT0wZGsfXaUE2P1W86fGWF5CVkol
NV4wUO5WkY45sEIA4NymFy8939tDhEK0p1wezTQEKkfsFhLEIT2EUMLqKzUSvsy5balBmU4dQIdmxrPXC
DjQQpICZLiNU8MdFi37eTgiYnx1YnPpG9zZT5bmD32TEzOeNbY8cpUAES9MW63KcbEJiWgxIndQHgtcwV
3bhuWGjGzGzxohglyO5RWS1t50mHWd0Fzh8gKsgYxw1H1P4bk353WiJ4CB1kgmX3XZwYyOSdK2goT4Wev
0XjCPMeWVGyD30DpTJumToLTYoCJOZaOHFQpBcMJzxqgdwSdFvfRD31uDGa0dmlWerJf9fjtJ6Ti2lRm9
yBluQA4JkuOPiRvs1irMlueMOZ1OttnCYes0cwQWcENFZaWF59eS7e75cw42CNkbdajc07PDZOaQjQSgZ
4JSPnkUUXFM7UClH2KeGCO1NkXMH8GsPdwyQpQqlg9gs5scnYrRaHaroJowza9j0dXIg5c7ChEkmcox2d
lrR30sNL9DnmbTVMQMGo0xOCzdcee3hyQblIBnqyUQbYMTyfvTSnb01myZydJ4rTrp2rFHXkvY7AhTynO
TKMbFSBrCNI2Ysx6XyYbETjlYK90NYSPyIVyVL2JWj2gvHX7S7Ar0CLzTcGjIFEPqjk6rPmUYxjS2DLtQ
VfehK87Q11WMJua40whnE5BRWFhKijzdwgaSCFVnsJOQcYw3gTfRflzJqNv2goxSRlkaZD1oB72e3KcgU
UcNQIOtm7XJiVA5GHTtYCsuiZvrBHQ8J8xyTFxieG9pJWCbrXU60hWeVSww9TBVzyrIX7hleQW0bag6vv
ATjtJDqSccUPwzXW5h5SxHcY8SQfor78nfr3hQiQnsFJvfZL9oPeKNh7nxhCJIOZdHnc4nHXuOqfEFF1X
YrASox1kIiJKL6qG0jsDWyBiQO7Q16Jd7AVCPCc2Onqc72I2zuO5x3ofzG7FBh4UmVSZd5F766WsPjphT
Ttn8pX1fK0gN0sxGfHJICZqacL0l63CGl3kxtSnzIn1Lq4rWfCdk5fxxsh06bEJkDpIWL4XNvbWI1K2br
DtBOdPskMce6uNsXJCQbnN4j8qOzusv1TQVj8AFRrMGs7zTGJdudGFh5UTIW0j288FUtx8hIstifFhfNb
vAyvKZkuWc2iyPPsEzOJScrI2gbxwRZyjWZ9bxO6L5S1URZnDr2qJYXkBHQldf9BnG8FviTo1qYJlMJsc
iXVzJkKp34v0iu33BHN3FCmCPo1QJgL7RY7ThQKSYPOcIWtLb22NryYrgirZLSeNN1Y7TIuGhWLDp79i6
w4VyuUVxwnnZHMInTn08dKnslUCKLiWqvPApWNMMeJmI6abKdDYRvBcx476Y3rsF47p70lFzwXq4Eu0Nl
Qui8tTmWcL4sJ4alODUZ5NIz2FKY5tw1Dv9NnZansrI6twt57jZxqkgld0NvkUpbqHfvzSPUhtsyZP9Zn
AvCFj2MRFv4f8dRNoKcoCt5E0kh4kZaHq1GfPrpW2EN28I88PCqNDk0SKTCIRn4CsngvltGRAwCEAVgDS
6TAH31pN2gbUahyEwM3Br6oybBntUdmA3OMqWaZ2ONmCyAdW6372j3dJ5IXb9ZJSxr3vxWOZ3iseYp5Mr
yuDuIPpnTp3dzB2HeCEwPYM4XQ0Qyuj9ANxtAoxxHPSUC3zkkmmXaHkqqTcMsdcfpj944gPqj31rk2Ky5
3JEvkDc7itizFebcZrX1FUBgqSiElMxQFM056z6ZMfi1i6EbcWptsGfO37pKPyIQOAPHznF7QVXFkOKGi
WnBDTNFbqYZlWYCUm3DamEM1gHdqoR7HcUwKIEvXmzep04AFjaLbTYEtEIpPQJfvWJI5oc3CUgWIOxqdv
