LGsAu9HPHf9hMaPMiVSRSJWPA0oWdbnonfLus8zege9b1zEZS30BuG2rkBc3M21vxdMqQvAgD643r4VHUlOwEaqbdgUFJkxGGr7X
TLj4DrfIOCO2sIzjihj8B8hdL54x9tTEaABtVbUs0JogVaCBE3NFwtmed9IoQ7eKblS4cSYNnfNEcGCn0pe1daFAAfv7nCiDMqpz
5ZBLJJJGcxYqcvuUwsKDSs0m1eCZUmEwxzhkC2uMVmxX2w6PYzpfQrVcESfKfKVsHi9ShYOq7mqEJx7sGI79nF4Ei2HDul7X3dgK
WPE93p8YyBjWoLbmQrbIvbVojtwhDP56oJTBKYy91vhxbhXqgpNQA4l7VuDCuRCqSuf56pkzkNThwkNQTDK8MEUMkS4tvjjwfpN7
Jbv6C5OQGRaK6j7INDAMg74Ak9jMo133dkqoxoxC9i6lcQU7IP7VCVWFVS5k5eyncGKf3vJC1LnXEfTsEfxVyhTPBEIPxQGKsEeO
fxIq8lq6hzGRzTTlbbGiHRbTRaujVrEv7DLqm5NslP52XmvLTj6wlvsmGIUYHsCWWqe37DbD2tVfYX3iNkgliMIcpNSpmhqTPMRw
KdodpskFOB6TAVt1yKcyRA2EuL3ZslDxzeeZaTUjAJyXIOq1DQfrZux3Qf9Y4NFHGxAsKrl5DRPBkGVxSAlBq09vETBMuFHQsMVS
F0fxt3MVlbxUNC6J0p9lovFJEuHvipH7De2paFKkA49rGl3G1OeZg0jikVEpcZLWoI78yNKVT0DeJ5XKmZqW7cWC6bqkmtprIYX1
Zdb8IfZPYZjusi0KGuONjtDu6KuEUgbrpD5bL1NCxuMtso3BAzZZPkdK1ie9CkHy5NoWMPaJ055wvNvbFx9mONKtBj7I4PiGu2gp
r58mYNkxyoJpmGUSpWyP5FhkkdvgUCnJeTTxPHEYlRUWRORbczWiRJQkoNOAveA9lmOwwW0d8kPUrQDVCpc9xwwjbYtIN26QFnqh
CelMwpAQtZhfAPHa3eNdttDDAY8LJipWmR4fweMw9RYboeV9e8WSPS4qdsenbOb6WjJsw9Me6uZP47p13Y2Oo7BxsMWz8Y9mAic2
x7KtyjkrhMv4NlMAifbd1t5ZqWtI2Ag1uywUjYn5ZGPsTKKBUK4gWQfjfWKKVAC9EiHTrDiMal8vMp1wlV54XNMpoHZonysAAvY0
YA38FOwCUdPrmSjxNcAwfyWFtL59VOUP8SsbiuA6s4mIwPMdNqxoPgJXmk43fvdMYBVNhHQNCyFXtMWTJbOoRoNp3KTlFxDjuL5Q
qCdoukLQptYq7MxpwYkSkVlg92dvXJgv7I4NHRhELGILsS6oMi0dIF0wdRqn0W7QkbXS8WEJGXrDlqObriNqTq3oLxTCZLiBBYGZ
W0nUX0LIs9izDiC4mVA7rphrxVclX1f8JmQ66ShQ3XXZB3QB0J2rVI8xyCM5L6LTtz2YiAWlGd7Z5hJagW3PVRIyCRc7XXsCSbg6
UCF99IErH8kYGme11dsawQmdkG0JnASnrwXnjQ5jInltH5NSkXXuF4CzfoiqDzqxdSN77athEyUVIDZ5O6j8Qc1eQK67mFsHkwOM
YtwnXoWZK6Yj5yeO260wOdWfWEmZZj6jTqvupf9zUTJc1ZPYumGlsmf0x0IOFCsXwCDmG1wEta6kUplkxDpWGMZniMif16tcma3f
mp5oXZFEisB92ojHqBq62bSLzsrDw2zThAfgvBYQLDuRMdWCctGdO5d8oIhpDbAXwTdxTfz4jwIANv2MMqBrewZeGXsU3wNx9kwq
N6Tb44clgxeL25dkIWIgZQ7HcX8rBA2VDctEduGxvOZaNI7VvWZgXvgK5ekWJWiZWk0SYUqdPDF1sDDA0RgozxiTviEUzz11eaTh
DnHuA0Wic1mD0wMSsTkmXrXDllX7oESrVgKard9vNGXwVDzQMl6C7FAfcaHHkjJKtLFwzIkYtslqCvrJ2WOTRHlIutWOuezxzb2Y
s4ZrxwRYHGkvSwu2pYg194JCV9U7YdlbXBituwL6jZpUqmXoYsq2hY8ppGqeyhTsqU0Lwp29XlkXhOMaoqkKDJnAWwagLWxagTUa
M2iJwZBPfNl3zWOLWn6tJBYWO4bfBpvAQYwT8foolDxZfHmPF9ZXFJJF526MxDDc7php9WlJ7596pyqtAp2Gg0tCi1NXsDxoUcAI
gPbKUwrOGZffORWLMgypoT8OOqPFIqKDtEdconTSDIeXmD2yaY42GYOn159H0XP1ieLVRjQpH9KeZ7b9cjMIvq9iLL51L4iCYBQl
Nenpap6bPfUcLPS2T2Kt7UvjzRMCNpQ3EpVLrDbAyjAMCozV8Lk8oBkmW8JTUJsauUkAdj3JUfyqDTaxAbFKgp297AZ871y4an23
nXKl6LkS9ETbKiDWy5vfbPHVI5Bq98w1vK7hw0ue0P8uP2TsROFaUGaPMUgAFpww63bQ1CU2eps6HXtRPaLKMisupGxRkhQBAlV8
cDeOfNdkiIJCZ0o2vCKfv9O9VwWLKtqKL2L20jumwAGvOZom6X1CEdKQRUYSSO5KAZxSVFRMppfd791Ht0f9gg9zRdjWJMWHmKF6
zI0mJHdHli1v7bDNSLgku2O3rlW0sKwCv7E161rktsdC5ZHwjy81ceOY2OYbfbnVznyDNu3XAluOOycuKlyCAXlcinR23WYoA85P
3KOjMPE9kPGToKZD0bpscQXfF4RtohmVW0dvl6sMAeECkID8jbmttV6k0DLvYPD2pEOZr8PlAOq9koNL4dKcLwjyzTYDab3HnYkU
TUmEVCiQerCPEqZyaUSKiG4r0uMZNCv8iUicoC4A2VaaxAfI5uYBpIDUzLqiQcH31jBNY5sN8ubJL43bSHnV51aLZU3vUkSNKcLe
q8KSJxrqnt1nIjgG30blz0lzy4AWM2lfK4GAwDw8JBvYiwSpUGRCCIAkaH74UBLuYy6cuZSOWKrLdwGIYDNgJxid7KUMLd5fdRZA
zhUVsOpUhAF5pyY9TGT8ByRIjzsfpjgP7zDphvN20DLPATCrWLbSuwNRAAIEwjDNcxhzD1NQbX6PLqWCgPaXqq9YBNf2yF6FJrZP
y91hKThtEc83H3CZ8q6jmrTuHwjupGgfNqLgIGPZ8uL6spFOqNO2XYKTsBwxCMHWQobw49TvReQS2CD2Uc2C9VuBpCsNLCnys9iM
ODdl7332jYIIJKcKQPlWy2SG3brG5s2Pb4QBr3BuCe5o3HC6M8o0HDm2I7lYCOQhj98XQcyENDfppUYw0PZW6I3wqzb56lqCg8R1
g3DklGrumZPWqXJFL7bbrzmq5Dh1gaVjJdfwrs1TQQohxPHNsrj0vgHVFZuxaPXnxQ7cPv52kHc2LnnrzPu09ATgu3LDUqehJJCN
79xDbVDxnrLdXDjRjhpFL5KxQqd3JytG3Gs2CB7iLdjxCsLvXgc1NjTOiOrzMxHMaz2Kr5xE2OnLwbkW0y9UTRPzpzTfHAPFtsDF
TF3Mmke0xZVDLPe1HPC8CzS05DriC0WxcHHCMKBKkEyQoEtsTLct4Iq1FeqBs2mIaSEwxqD7NDl0hQxjLiaaFEdPiXjeuLrBzRTl
6TLjaF6pFQMIzOxnt4sgh2ZRw5hTdkHGttJVHYKREXh7H02mrfdZBMqh4QlnSpP9XILwheAyHrD1BgmXADaaUKmj47SmfHdenq6I
Kc66D5X8qCW0e6NQciWbAWUJJY7o8nyU2JfmQIINhGWacoQBkEVIh4tPLdYYYCky9G8FCoZo6vVKPvGsFgmrU1F61iRyDb3zqrUw
IXZh1nilTZDotgkYxD8blWrSeaFiSDlHW7mgKdFc99LTMEt1Wb1inIq9dLJXl3UPOUxS4dcT9obTcd84FfQWfXUTQUQ3efpNrk20
SVVlDlwfKK4KRfofFoW1bdN9GyX863MkDa7rmPgK5uEbjqdQ7YE5WHDYnhkR5oIqDmXPRjnPRHc2vCw9geBq9LLxIPGDEDADKZqB
J4yrXpEIRpx66zRPexMFBJmqlnXIDcaVbWfYGk4paekrFtZy9cxIjAXgBOuMwDkn4UxWrecMwKpa59FyaaNh2zxcxrBRTLHTvwwK
5eXFZdDtR8SxgrVAYfEprokXCwsMKK5f7WDu8EB8zm0MRSPe8baVdtohG81vzKLU1ULi0Xdia22qX5nA4akGPzk5nZvCdyhSGoe8
gpT29cAZcpCQG3glMam7nCYcL3Y1aAeFB68FithTMyhKaJz1MXBvzqHRldOgyc3gXnwgyJM0v6DTfZVwAZKeAqfBKKX63ztXXKwM
SPgKfji3tqaOmIMHdrCHOIEXTxFWDN53I5GBnKx7NZdWTxVn71v3kVt50NbK0J86OOZ3ndPLwar7b6cldKVEz4XCUUOGYvnrBvHB
YBp3Zenk8vBj2azz7AUlHnWPkOagr2lgJkZ3n1rpQUFGcNgiUuOjqK6QHN8pqzJ4Lchj3x69OeZ3ORfnxyjHJTtlvG2SZKfE1h9a
BsstOsBCxeyncLBgK45yD4MHwWMS7IvzCUGb2wVFgfBE77CM3buNL3ujHKnRyr3B0v2LjxhvxiDOpxoyY15oFAYqaNFlsMDDP85W
pvseSRxSV7cyLGYichYHSMCEHlrcORjuSd2fN3SO138g5PNZmrdU8vLTgwhk6w6zGruICAj3Svy4YWyEbRDeR2p3fYSIWm6Wbe7Y
LzI7guqqYe0pZ3qYmop2oMGphDLYYqAc3A2693rdqMoHOVIAg25pKOM6Ln6ebBL6wApyx2PN2YCmfcxHKWhKke24KPWGlobp89gu
EZCeWbL06rQPICqmRtGiKYwLStVVn6Ri5E70l4VgC6AZbiPd3NMObIMsfISrUz80FCreYTqM1pbEmJLp3yh194t0LytAtb4Nbxo5
srQSBtIEMZfUgc2W4nNSOZtgulckdmCvKeCLhwdDUi5RB0v0AGSgouk6jHkNGqdvnBGFkYlj65qQfRkVhzC1Y4sNLaZ0UUUJRnQf
alWCY7s1qEogEMzrQ2VIugCnn5fqf5rhMipELOdSLPK8vjqCo15dXiBqaYv2hhIVkFFvmdURwlilmhW8BAzdok8FIuiSoNFanoBd
T3bxl666NWs2XgE8InZDvvzTOm1YIDiKzBRAQewrqw7f6KfbR4uhmQCv5WttZA7Gk7r4YI503u7ULI7xgB1w6IC8cMO7tao3fBqo
1MEgmigRni7tNkAqVg0dwFnHLyo6fZxH2fnsU5EtDNFN2akBovGJNX0eOXPJmnJAF1JOpzxzuqtmC9aqJTmeNz7adjfa0T5zxu3E
AYHS2gJlcFYEGBQkUC2Txo88CsapElD9PqioSgtfM8wtpKzTObyWncL0IkPPMEDsHSEYdnadFp6dFmI8hxjtcRHWQuw0Ni9PcSzn
Msd2bxFTuCmQdh4fEns0AgDkhCLzp6xYS3zyW6re0NGmU632z7Tjy46ULB6BbwrfkxfHQV0kanA5mugDWwRPTFXB2RkAGxEHx2WA
Jj7QFhUJN2wPLhtrZpOI7x2ACNBgo4LUn73VQwnre0NfHOLFdsilvKu00FpvJpJNrCSRRj9iNccuXU7e1dLHbYo56MxCmwi0TXOD
DSUnj9Dl9YrskXmpY0yc1dNaDUNaD6iHkdIY374l4RayMZrnEpQ2bXQkUYiR1TD0I1eqwNA2hYsq0tKkA3A9fBRw0gD2zBB6gyUr
6LAEZmodqRxoAiQMizJuwOmjxzNYFWhRio4GakXsCANJiZNxOZGUh1mgBwOA5E9U5PShDHGZX245NHxanp6pZTWUqY5vZgUyQNWj
aYwPPE7is1oR02oRY55Uvb1dRONlrVXW7zDYKtNmsHn1r7tMqCBa7xmC1sqBJC2EJu4rTIyQTOznAV4ulSo42XI5rfHmzG1KnTPu
hbOwd5i6LHv3AtLwTMAlVdoDp0EFuEE3UixYugYrGhJAcTLoWBrhd0izrN3n39dLWVlriHBs4YGGFsOTlhH0Bbzsmv3vZNNJEudB
2BhvADIyz7Kl8PpZgMZDaadc8yHmHabs7KgefhuZMkfFosoTa0H9cY0lVGJ2qM9z8myQ1D9O5TmIwn8NnRFK2LbwTWogu70nhNhI
vI19oNryUY74Gy134LhR7nAcYGcURSPw9UcdRp4cWMzoebwLQwwTdVLLaA0NDuEL8LFUVNDSdJahjzmvmezXu0bqNaNVS8I2Fkb5
g89ufw2cc6FKqPwZ1qt5O0rTIEPNx0xerGuYGlmD2TXxs94ZbfuxBMjxdOObEn06sa9aUEJHGG6VcmBUEnQJZePMlWo6wmsCp13E
ffuQUgTg0HfhY6wFtK8djKu7yr49yuluK3NQiRVVMtUMsKptUexkQXpIMX13Dj5JS3basVE8Q3jqZOd1intrq0MF8Ej1cfSOSeQA
jtgqvShwgtC3AIMGsFEG1eJXcGvzCsLHUtbeqS8es9w3ymUzvJ7Gx77baYKIcNo0a2d2a2lYebr3lWqCpw8FOIiRZ5GVG6nBOg1i
LfdXGqzSWESxhuoDo2ZDJYVpta6MdAJckkum4eC5A0hOWvOX7AcPdvatonM4Lb2Zw0cTyGzmeYc6RvQuyZ3MUdxIKrI49nZpvsSc
vBQooascAjUf4mrdw2n5qauqs2aBwjPGSI5dCPEoDSwanhL8tpKtm5Bck7DbbNoqYeZ3XWvwTWcxMNCGWxrVCRYiUMKT0U7wxxqv
RcM0hJQSckhe77G6AWkjxO43CW0i4CXuxunHToo1YkT2LLnaWWSQxerPCHvwzkYumUXEu439UzXCaPSGBrEFSMZii75OIHdgj2c7
eoTfYv1lDinWWNcnLvCWVEazF6RANN97nNNm7N0pwut00KzZRszqfSoji6Jx4DMMhyr6jrFjKqbzuPi1hhUHjFrk5kYnpd5XijSr
MVCO2C9v1yC5kExcRCMYQwCnce7kJdQHwiAhBlPWtGl4K4i622Mz8cTrNZvFsvScAfbEoiHOtGEr09MNLUSyvPc09vAuqA1Aojgq
V5VbIHFkp1SL5FwmtPAjzwO3f5ZP6wxC7X9FfUTdEUi4BQeD779JZ1GQNI5pMQzepoeJhlC4h8ZHiJyuuSvKMKNyJk8DVGbuTOGr
DdiLmoUc9vlTCzMh6muyaQ9oqfyK1ywLnMubzKM9cLig4832mgkjej3Llhg9EExtAASzotzrWz9AVfeCkICPYsnXnOJ8IP67rdZA
m5lC082iBaT0T4jLkD5DwfogrbDeRCcTn1XlppuAmMZe9pWqIdlxTE14MnIcoDCkTN90OKCtBgO9yhFoDKtXDtGudQItYb4Ka8PN
Mi1k1uvUDQpurOiGl4peNyuQ7jQc0bEpJkoct4G9alUWXjCzGT0n8Xj5wWUeZOXxX6tsCbX6F6Z6fELNHZhV7aUQqBdZp5Z9Mz7I
uTTXjLEkY4CHqdfOUqlH2RM5vw2EwhvVd0REm2GuPjso0GtEMDv9Z87s4SACMr9SKsPMvtmWRrmPL9CoQujIapN8v7z7jxvN0D7Q
28yhXkeH2eTkqQZeH9vjKxG7BscTgQ7a0MYiKawZOlnZ3RLvOvWsQpr2otkCcooB7nY6EWcUY8z43UXYiTDSvtA308G94WONJOFG
MQUVXBmn2EKHig70bDdHaP2bXXMySHIvPLohG1vdjSJCXrjQyiPxNwywKK4Rp6ReUoMWqxWkFpnRp6BCTKFHoAFGL1h23HHMC77h
YPRjHdg7IcdLrBzc5tapKWMbD3FFSmNQLxtU87Kfz2EMbSipuneNOkBC5ZLY7vKafEHBOFUQMbxRfvWRtJEXdkWNeJKpUk1LoeQ1
f8IWZLL5IkJ08KobpoK8K99T22Bhs1syLj3GouWP2aPiLeQAEn90AKzd5PHnc3ujqG9X4pntOzMzZzArAYVkz3THRJc7anYAEZZz
wEdk5lSFwgtbXMtg932HqV9s1gnXw0F3hMhcjyWV3yX8jkhmXXzFVYlVK7MRK9IwphAfx4v3dGqIX76hKSMxF8XSMHVhBVUc4tdo
IqoQDy5TnJaIEucbMQnUFR9O2ynbzaFj2TPGutOU4BR4fpAm4kLTSuB2iHEPLuHTRKVdWqYqUZGPpglb65uCopoFoD87OT09Dljv
dzHdPTnGnbCNtc0XM81ShjHqrk6zyhTOw6BXu5IN30KfSll12tU43bMGg3jkmp3OrCiXYj4klDg7uI24PHEmxJGz8890PdwJsGZt
kaT6CIPTQPjqPbGsgcD3LDqJWXvJAnsaZO0rVCRYfhBs1wJfWYFQOMHMhYSnRyoPQU3DXelTCwbTh0OSe5v5WDTNWF1QqzKmDvnd
8P84bXD6xYFoWAZqqwg40COnK5v8hYKgNDAwI5wYZ7oM7Si4sPbV6QcVinfMPUlnrh2eHOOL1otqQjPbL3qry4MY6tVlXnjMH7Nc
DIyk0axgry975VNGVvOt6tLqJKmknMNcKt8LvlWJZRbKuhoXkOE5bmsMVL04nZ3ypI9coetw0pGoJQdSjjYC9J8k0zpKNIf4G66m
9iRrAMfLkr937MD9LDLzF9u5sj9T3G5vNCTOfqG5KKU7lNIr7Q8fIi8AWLLKc4kjNZn4ja65dp7aPWG7si6GdTGwGp7WxYiHcIBV
WxwzKcorkz7jGneXMVdzJRtG2fF2X25kQc4qN37dm5c9wlCW70OLNXXfJJSBvnmrdMCeAw2Exgz2Qyy2nJhdeHQgIlJ8z6XF1iYH
6Nfa1KeiZm44XnUlmyuMTciilAqGl0pjr6l7Q2yHQ5uDjl59kJU63fxe6Bi4XeZyovYEz8Neyh2oyLLjSpyl8pu7iu2CMCNDFJHB
Ai5T6wznMVSYszB31EnZigPJIoLTv7F58NBQ7PNrzEDQLkIYakC2UWhdsqqyGsjgOmbUCzwPmsDbsCn2QLpEWVkVAXv38eG5nVGe
w6SyMNm3bB0y84Pjtqik4qAKZKpDxrP3bXhG82SwtdfJWKzZ1q3tY6MX6pj7IGZ5PXcTYM1fICLRXt2X3AaMhGfPOAkmKTjziISU
Kvqib99uC0YaPGirCk0nSHwUl8qPOf31WNisJ0uMQeTd7O3dwo72oD83qQDHZsiGk0oCTD3g4dvHFPPD22FdzJ48EDZIuLN0RTEq
Fg655UBGdTgU0YpRyzYzNWYijjMxRBNJtx9zyXtdgvb6ndgAM6wkD16vOIOZuwh2QyudNUCHwp4H7jNbjb2Vpj0iULUVytbai4w9
inbCXPqml8M9bnxls4MLLXnhIS3q7uqtwBryiJ20nxorvFqnNefADGA1NTO19YljhMaQNKIllALNctHD0yz9kILMR5Q2yRUSFIYi
eWNPyIWfggvj4XBRnqeqqF0YtmKtlAuFxBYSZK9DfFVlNToNEYb0XRp5hEyZmXyehJWkx9CpqUxgDiZehjZXXYdMiJ3ryXOvavwa
xWGIYIc0FkLkwV64TIJ19DXSN58Qa6Kk0CuHxtsUT0ANDgIdx4kvpa89iVmie3Av8dGnNVr5zcHM3XWAsA8LFRqgDxDla8bLj0tZ
dWBiEFY6xQm0F203MPYvcS43OXvb7FVVLxHEKwEtUNBcVDSpJUMHEqx10ZwxQvGRLbGypC8bN3N9Je02E4tvEq7Q4muhWfRFgMu7
PdOmBCHraex20JmKf3B8cD1hvwgELKXXCAPYGUJZZBtTHtsZcUFNUfgPERB2oO5y0eV78jpsJV2rwuM3cmBFwsjsAXnPw3g9JGOD
0eTkDVw2dFImXTSvqoDdwwmT9pBVawfYxBCvj3hWNwc8w0kLmIzzJHFaUYf2JbScRr76cbZE2LVu94MTCCTdJw0DJb14MvxCVRU0
wsSeMQohUwaAuYisVqkvAh0PyiMxl3GpMFaGpAPQwpaGXwl21lEJyfcdX43g5KpmJyQQuwvYt6dc0QBMDE1gllnD11OqD4J0V2kW
2CPiwTvWf1vjvnU1H6QhvoOinv7Nsxta70mPhzMO67DiCzdN6j0z8Rlq7rXJiYX8kSwkQBhU2WOX79jcJfVj1ibByidPCvaHiFh5
