0 1
5 12
12 17
13 20
29 40
1162 1333
1776 2222
3902 4655
4045 4932
4049 4938
742224 805727
844117 913716
11564701 12264076
47155905 50255488
0 1 0
2 6 4
5 9 6
6 10 7
11 22 14
500 621 519
739 1070 833
1721 2077 1815
1827 2190 1890
1830 2194 1890
307031 375003 315819
345985 426896 360778
4793739 5417598 5040886
19264976 21649140 21094400
0 1 0 0
1 6 2 2
2 7 6 2
2 7 7 3
8 13 9 9
305 404 311 309
425 751 505 483
891 1232 1229 1097
929 1270 1258 1202
930 1270 1260 1204
184621 238708 189349 188835
206793 273678 224274 207882
2901473 3248190 3049082 2983402
11757179 13023824 12421520 12405072
0 1 0 0 0
1 5 2 1 1
2 7 3 2 2
2 8 4 2 2
3 9 9 9 4
181 336 291 191 181
272 425 425 425 301
681 1168 790 689 681
694 1225 850 725 725
697 1226 850 726 725
132635 160931 133383 132770 132753
146754 197535 150518 148279 148154
1931302 2356447 2356372 2028419 1950291
8064844 10418750 8853125 8150000 8071875
0 1 0 0 0 0
1 4 1 1 1 1
1 7 2 2 2 1
1 8 2 2 2 2
3 10 9 5 3 3
145 304 182 156 145 145
233 489 309 239 239 236
459 718 704 680 553 459
472 731 731 723 612 472
472 731 731 724 615 472
94568 144921 103647 98187 97161 96891
107594 163237 127879 107811 107682 107594
1416459 1752382 1725421 1697841 1532059 1416459
5900920 7916451 7458479 6185743 6021948 5900920
0 1 0 0 0 0 0
1 2 1 1 1 1 1
1 6 2 2 1 1 1
1 7 2 2 2 1 1
2 10 9 3 3 3 2
89 146 146 146 146 143 129
190 402 240 202 190 190 190
367 767 696 423 417 395 367
380 780 750 430 430 430 400
380 780 752 430 430 430 402
68327 87610 87610 87609 87605 85526 68701
77753 97340 97017 97017 95276 94609 88052
1166376 1714425 1303247 1232566 1166377 1166377 1166376
4522316 5471400 5471400 5471399 5365117 5010085 4527483
0 1 0 0 0 0 0 0
0 1 1 1 1 1 1 1
1 5 2 1 1 1 1 1
1 6 2 2 1 1 1 1
2 11 7 3 2 2 2 2
81 152 146 146 146 96 81 81
118 191 191 191 191 190 187 171
295 814 368 368 368 368 365 301
308 869 381 381 381 373 373 349
309 870 381 381 381 374 373 350
57869 94392 94386 62080 61618 61618 61617 61567
67720 104649 104641 81105 67777 67777 67777 67777
899680 1199265 1199209 1198825 1122537 923505 899681 899681
3954407 6232368 4397360 3987696 3967216 3954736 3954736 3954736
0 1 0 0 0 0 0 0 0
0 1 1 1 1 1 1 1 0
1 4 1 1 1 1 1 1 1
1 5 2 1 1 1 1 1 1
2 12 4 2 2 2 2 2 2
73 155 154 154 83 73 73 73 73
109 197 191 191 191 191 124 109 109
286 606 363 296 295 295 295 290 286
300 661 390 329 300 300 300 300 300
300 663 390 331 300 300 300 300 300
49997 96744 57027 57018 56964 56937 50727 50376 50376
55221 114665 62602 62582 62521 62521 62519 62086 55525
797846 1395359 1029771 804497 804463 804409 804407 804407 798946
3021878 3619011 3619000 3619000 3619000 3613178 3559951 3559951 3371160
0 1 0 0 0 0 0 0 0 0
0 1 1 1 1 1 1 1 0 0
1 2 1 1 1 1 1 1 1 1
1 4 1 1 1 1 1 1 1 1
1 12 2 2 2 2 2 2 2 2
63 174 174 102 63 63 63 63 63 63
91 200 200 200 200 101 100 100 100 100
185 296 296 296 296 294 286 286 285 243
189 300 300 300 300 300 300 300 300 300
192 301 300 300 300 300 300 300 300 300
38546 49657 49657 49657 49657 49657 49652 49612 49312 47312
54321 66672 54321 54321 54321 54321 54321 54321 54321 54321
713306 1058985 758985 718985 713985 713385 713315 713307 713306 713306
2688889 3800000 3800000 3800000 3400000 2800000 2700000 2700000 2700000 2700000
0 1 0 0 0 0 0 0 0 0 0
0 1 1 1 1 1 1 1 0 0 0
0 1 1 1 1 1 1 1 1 1 1
1 2 1 1 1 1 1 1 1 1 1
1 11 2 2 2 2 2 2 2 1 1
52 185 156 64 63 63 63 63 56 52 52
89 217 211 211 107 90 89 89 89 89 89
164 296 296 296 296 296 296 286 175 175 165
178 311 310 300 300 300 300 300 211 179 178
178 311 311 300 300 300 300 300 212 179 179
34894 50999 50905 50867 50867 50867 47146 36226 35166 34894 34894
39559 55663 55663 55653 55652 55565 54839 48184 39559 39559 39559
550918 728069 728069 727469 726738 726737 726621 662859 550924 550924 550924
2404460 4353113 3637163 2580221 2580221 2580219 2497816 2404518 2404518 2404517 2404517
0 1 0 0 0 0 0 0 0 0 0 0
0 1 1 1 1 1 1 1 0 0 0 0
0 1 1 1 1 1 1 1 1 1 1 0
0 1 1 1 1 1 1 1 1 1 1 1
1 10 2 2 2 2 2 2 1 1 1 1
51 208 110 62 52 52 52 52 52 52 51 51
77 234 234 159 90 87 78 78 78 77 77 77
151 308 308 308 308 308 258 162 152 152 151 151
155 312 312 312 311 311 303 167 167 167 167 159
155 312 312 312 312 311 304 167 167 167 167 160
31570 54173 54047 54047 49133 33311 33310 33310 33310 31852 31576 31570
36367 58988 58988 58932 57635 43811 36379 36371 36367 36367 36367 36367
493468 764921 764921 764921 755325 515989 514981 514205 514204 514204 514204 504612
2153877 4039282 2425266 2425266 2425265 2421865 2276709 2155685 2155685 2155685 2154021 2153957
0 1 0 0 0 0 0 0 0 0 0 0 0
0 1 1 1 1 1 1 1 0 0 0 0 0
0 1 1 1 1 1 1 1 1 1 1 0 0
0 1 1 1 1 1 1 1 1 1 1 1 0
1 9 2 2 2 2 2 1 1 1 1 1 1
38 217 52 52 52 52 52 52 52 51 51 51 47
64 247 241 78 78 78 78 77 77 77 77 77 71
138 321 321 321 321 265 152 152 148 138 138 138 138
141 324 324 324 324 310 155 155 155 155 155 154 141
141 324 324 324 324 311 155 155 155 155 155 155 142
29216 60157 60157 44679 31596 31488 29385 29385 29385 29385 29385 29385 29286
32129 63069 63069 59937 34508 34508 34496 34405 34326 34326 34326 33391 32129
464894 867125 866969 614314 471509 465064 465064 465064 465064 465064 465063 465063 464917
1757328 2157883 2157882 2157882 2157882 2131000 2129321 2129321 2129321 2129310 2129152 2129152 1902332
0 1 0 0 0 0 0 0 0 0 0 0 0 0
0 1 1 1 1 1 1 1 0 0 0 0 0 0
0 1 1 1 1 1 1 1 1 1 1 0 0 0
0 1 1 1 1 1 1 1 1 1 1 1 0 0
1 8 2 2 2 2 1 1 1 1 1 1 1 1
37 190 52 52 52 52 52 52 52 50 38 38 37 37
63 274 187 78 78 78 78 75 64 64 64 63 63 63
124 335 335 335 313 139 138 138 138 138 138 138 130 124
141 344 338 338 338 162 141 141 141 141 141 141 141 141
141 345 338 338 338 163 142 141 141 141 141 141 141 141
26444 67815 51333 29399 29399 29399 29399 29381 26655 26655 26654 26654 26650 26622
29188 70559 66423 32143 32143 32143 32123 31947 31946 31946 31946 31946 30548 29188
428999 1007962 626546 467626 434466 429210 429209 429209 429209 429209 429209 429201 429159 428999
1619497 2198692 2198692 2198692 2198692 2198564 2198481 2188561 1919649 1622241 1620553 1619497 1619497 1619497
0 1 0 0 0 0 0 0 0 0 0 0 0 0 0
0 1 1 1 1 1 1 1 0 0 0 0 0 0 0
0 1 1 1 1 1 1 1 1 1 1 0 0 0 0
0 1 1 1 1 1 1 1 1 1 1 1 0 0 0
1 7 2 2 2 1 1 1 1 1 1 1 1 1 1
37 162 53 53 52 52 52 41 37 37 37 37 37 37 37
63 304 130 70 64 64 63 63 63 63 63 63 63 63 63
123 364 364 362 182 124 124 124 124 124 124 124 124 123 123
126 367 367 367 242 142 137 127 127 127 126 126 126 126 126
126 367 367 367 243 142 138 127 127 127 127 126 126 126 126
23054 74811 26670 26661 26445 26445 26444 26444 26444 26444 26444 26444 26444 26444 23951
28752 82993 41967 28993 28993 28993 28993 28992 28992 28992 28992 28992 28984 28939 28752
378344 907778 432585 432585 432585 431903 429210 429210 429209 398152 378584 378577 378359 378359 378352
1520401 2290267 2290267 2290267 2290267 2290267 1574637 1530877 1530877 1530877 1530876 1530876 1530751 1527501 1527376
0 1 0 0 0 0 0 0 0 0 0 0 0 0 0 0
0 1 1 1 1 1 1 1 0 0 0 0 0 0 0 0
0 1 1 1 1 1 1 1 1 1 1 0 0 0 0 0
0 1 1 1 1 1 1 1 1 1 1 1 0 0 0 0
1 6 2 2 1 1 1 1 1 1 1 1 1 1 1 1
36 131 53 53 51 37 37 37 37 37 37 37 37 37 36 36
47 309 64 64 64 63 63 63 63 63 63 63 63 63 63 52
107 380 380 314 124 124 124 124 124 124 124 122 108 108 107 107
110 383 383 359 127 127 127 127 126 126 126 126 126 126 118 110
110 383 383 360 127 127 127 127 127 126 126 126 126 126 119 110
22572 60121 26685 26685 26685 26685 26685 26685 23051 22589 22589 22589 22587 22573 22572 22572
24888 74825 29001 28993 28993 28993 28993 28993 28992 28992 28992 25416 24896 24896 24896 24896
370632 626529 429921 375001 375001 375001 374881 374745 374736 374728 374728 374728 374728 372304 370632 370632
1411275 2529564 2529564 2525660 1882588 1476892 1423836 1411356 1411356 1411356 1411356 1411356 1411340 1411340 1411340 1411340
