0 1
5 12
12 17
13 20
29 40
1162 1333
1776 2222
3902 4655
4045 4932
4049 4938
742224 805727
844117 913716
11564701 12264076
108788161 114434624
1959833205 2054030396
13914516830 14641445047
14079330066 14846928141
0 1 0
2 6 4
5 9 6
6 10 7
11 22 14
500 621 519
739 1070 833
1721 2077 1815
1827 2190 1890
1830 2194 1890
307031 375003 315819
345985 426896 360778
4793739 5417598 5040886
44933589 51180194 46711764
826159638 885651496 847385158
5808420795 6340374739 6035552743
5880056822 6417405502 6121406962
0 1 0 0
1 6 2 2
2 7 6 2
2 7 7 3
8 13 9 9
305 404 311 309
425 751 505 483
891 1232 1229 1097
929 1270 1258 1202
930 1270 1260 1204
184621 238708 189349 188835
206793 273678 224274 207882
2901473 3248190 3049082 2983402
26908107 31973408 28590944 26935136
488884124 561410773 510132669 491243477
3394746511 3752554500 3730383249 3579253649
3432994224 3790564097 3780691462 3637836291
0 1 0 0 0
1 5 2 1 1
2 7 3 2 2
2 8 4 2 2
3 9 9 9 4
181 336 291 191 181
272 425 425 425 301
681 1168 790 689 681
694 1225 850 725 725
697 1226 850 726 725
132635 160931 133383 132770 132753
146754 197535 150518 148279 148154
1931302 2356447 2356372 2028419 1950291
17964844 20171875 19937500 19859375 19859375
330401653 384794428 384559929 340766056 333713802
2326999262 2611313498 2609907233 2609672853 2376469643
2363964854 2645703125 2637890627 2633984375 2413281251
0 1 0 0 0 0
1 4 1 1 1 1
1 7 2 2 2 1
1 8 2 2 2 2
3 10 9 5 3 3
145 304 182 156 145 145
233 489 309 239 239 236
459 718 704 680 553 459
472 731 731 723 612 472
472 731 731 724 615 472
94568 144921 103647 98187 97161 96891
107594 163237 127879 107811 107682 107594
1416459 1752382 1725421 1697841 1532059 1416459
13028616 15044019 15036279 15036215 15005172 14834160
249043727 319921734 291322489 251010817 249236807 249236787
1761753004 2196981695 2086212017 1824105647 1783837445 1763635205
1781669668 2215950297 2126695994 1844445489 1814212292 1781669805
0 1 0 0 0 0 0
1 2 1 1 1 1 1
1 6 2 2 1 1 1
1 7 2 2 2 1 1
2 10 9 3 3 3 2
89 146 146 146 146 143 129
190 402 240 202 190 190 190
367 767 696 423 417 395 367
380 780 750 430 430 430 400
380 780 752 430 430 430 402
68327 87610 87610 87609 87605 85526 68701
77753 97340 97017 97017 95276 94609 88052
1166376 1714425 1303247 1232566 1166377 1166377 1166376
10787084 15865599 11630400 11630381 11630346 10924284 10806305
191544344 238623206 238623191 229908269 197441592 194615969 191556741
1387848540 1717396382 1716690193 1549144887 1387866040 1387865402 1387858789
1401841015 1731378357 1731277200 1591931287 1407624801 1404549428 1401843466
0 1 0 0 0 0 0 0
0 1 1 1 1 1 1 1
1 5 2 1 1 1 1 1
1 6 2 2 1 1 1 1
2 11 7 3 2 2 2 2
81 152 146 146 146 96 81 81
118 191 191 191 191 190 187 171
295 814 368 368 368 368 365 301
308 869 381 381 381 373 373 349
309 870 381 381 381 374 373 350
57869 94392 94386 62080 61618 61618 61617 61567
67720 104649 104641 81105 67777 67777 67777 67777
899680 1199265 1199209 1198825 1122537 923505 899681 899681
8542807 10910112 10902624 10902240 10416352 8804960 8581344 8542816
169062122 190180391 169513267 169488679 169477630 169477362 169477114 169324266
1103001810 1256393031 1254193967 1239615699 1239612201 1239582931 1239481128 1151295444
1115927418 1269319104 1269319104 1262686145 1252198850 1250426306 1250328001 1176403393
0 1 0 0 0 0 0 0 0
0 1 1 1 1 1 1 1 0
1 4 1 1 1 1 1 1 1
1 5 2 1 1 1 1 1 1
2 12 4 2 2 2 2 2 2
73 155 154 154 83 73 73 73 73
109 197 191 191 191 191 124 109 109
286 606 363 296 295 295 295 290 286
300 661 390 329 300 300 300 300 300
300 663 390 331 300 300 300 300 300
49997 96744 57027 57018 56964 56937 50727 50376 50376
55221 114665 62602 62582 62521 62521 62519 62086 55525
797846 1395359 1029771 804497 804463 804409 804407 804407 798946
7581482 12527837 8178623 7739019 7737919 7737919 7737919 7699581 7678861
132732127 181157339 181157264 161909058 137994058 133326845 133326845 133270138 133152033
959202765 1395047599 1220442922 1007627085 1004860944 963989088 963989082 963989079 961571286
973625118 1409108421 1242423463 1016904960 1016904960 983783657 973804376 973798544 973798461
0 1 0 0 0 0 0 0 0 0
0 1 1 1 1 1 1 1 0 0
1 2 1 1 1 1 1 1 1 1
1 4 1 1 1 1 1 1 1 1
1 12 2 2 2 2 2 2 2 2
63 174 174 102 63 63 63 63 63 63
91 200 200 200 200 101 100 100 100 100
185 296 296 296 296 294 286 286 285 243
189 300 300 300 300 300 300 300 300 300
192 301 300 300 300 300 300 300 300 300
38546 49657 49657 49657 49657 49657 49652 49612 49312 47312
54321 66672 54321 54321 54321 54321 54321 54321 54321 54321
713306 1058985 758985 718985 713985 713385 713315 713307 713306 713306
5888889 7000000 7000000 7000000 7000000 7000000 7000000 7000000 7000000 7000000
116664745 180715108 127715059 126775007 126765755 119704999 116765745 116765745 116765745 116704249
780521948 891633059 891633059 891633059 891633059 891629849 891579639 891178839 888178749 868178739
788888898 900000001 900000000 900000000 900000000 900000000 900000000 900000000 900000000 900000000
0 1 0 0 0 0 0 0 0 0 0
0 1 1 1 1 1 1 1 0 0 0
0 1 1 1 1 1 1 1 1 1 1
1 2 1 1 1 1 1 1 1 1 1
1 11 2 2 2 2 2 2 2 1 1
52 185 156 64 63 63 63 63 56 52 52
89 217 211 211 107 90 89 89 89 89 89
164 296 296 296 296 296 296 286 175 175 165
178 311 310 300 300 300 300 300 211 179 178
178 311 311 300 300 300 300 300 212 179 179
34894 50999 50905 50867 50867 50867 47146 36226 35166 34894 34894
39559 55663 55663 55653 55652 55565 54839 48184 39559 39559 39559
550918 728069 728069 727469 726738 726737 726621 662859 550924 550924 550924
5348183 7282214 7281941 7281941 7281941 6652575 5510379 5364156 5349318 5349318 5349317
95758550 117194438 117194438 117135240 117033386 117033357 117032631 114060508 97531446 96344887 95759247
705158264 940953010 940952912 940951800 856813966 726523707 720232289 706055589 705158275 705158265 705158264
713672825 949467594 949458013 948520725 875885657 733194471 733160129 719827238 713672936 713672826 713672826
0 1 0 0 0 0 0 0 0 0 0 0
0 1 1 1 1 1 1 1 0 0 0 0
0 1 1 1 1 1 1 1 1 1 1 0
0 1 1 1 1 1 1 1 1 1 1 1
1 10 2 2 2 2 2 2 1 1 1 1
51 208 110 62 52 52 52 52 52 52 51 51
77 234 234 159 90 87 78 78 78 77 77 77
151 308 308 308 308 308 258 162 152 152 151 151
155 312 312 312 311 311 303 167 167 167 167 159
155 312 312 312 312 311 304 167 167 167 167 160
31570 54173 54047 54047 49133 33311 33310 33310 33310 31852 31576 31570
36367 58988 58988 58932 57635 43811 36379 36371 36367 36367 36367 36367
493468 764921 764921 764921 755325 515989 514981 514205 514204 514204 514204 504612
4908741 8166114 8150626 6199778 4955553 4908825 4908821 4908821 4908821 4908821 4908821 4908821
88345009 127434250 127341814 124853494 97979638 88367618 88366650 88356262 88345009 88345009 88345009 88345009
645919046 1114988877 812680953 669352611 649154637 649154637 648450722 646168610 646168502 645962246 645919664 645919664
652045013 1121115954 831170867 687843124 655300722 655300714 655300709 655300709 655300630 655286230 654919383 652045013
0 1 0 0 0 0 0 0 0 0 0 0 0
0 1 1 1 1 1 1 1 0 0 0 0 0
0 1 1 1 1 1 1 1 1 1 1 0 0
0 1 1 1 1 1 1 1 1 1 1 1 0
1 9 2 2 2 2 2 1 1 1 1 1 1
38 217 52 52 52 52 52 52 52 51 51 51 47
64 247 241 78 78 78 78 77 77 77 77 77 71
138 321 321 321 321 265 152 152 148 138 138 138 138
141 324 324 324 324 310 155 155 155 155 155 154 141
141 324 324 324 324 311 155 155 155 155 155 155 142
29216 60157 60157 44679 31596 31488 29385 29385 29385 29385 29385 29385 29286
32129 63069 63069 59937 34508 34508 34496 34405 34326 34326 34326 33391 32129
464894 867125 866969 614314 471509 465064 465064 465064 465064 465064 465063 465063 464917
4536783 9418700 4936820 4590438 4590438 4590438 4590438 4590435 4590357 4590256 4590255 4590255 4565344
79958540 147936100 112629801 85187583 85187583 83668947 80360774 80360774 80327310 79989479 79988803 79982211 79958551
590748424 830634640 642389089 595960053 595960053 595960053 595960053 595959887 595603973 593747508 590759754 590759754 590759588
596613637 848860438 660351416 601464926 601442657 601442657 601442657 601442657 601442657 601442657 601440746 601440447 597464176
0 1 0 0 0 0 0 0 0 0 0 0 0 0
0 1 1 1 1 1 1 1 0 0 0 0 0 0
0 1 1 1 1 1 1 1 1 1 1 0 0 0
0 1 1 1 1 1 1 1 1 1 1 1 0 0
1 8 2 2 2 2 1 1 1 1 1 1 1 1
37 190 52 52 52 52 52 52 52 50 38 38 37 37
63 274 187 78 78 78 78 75 64 64 64 63 63 63
124 335 335 335 313 139 138 138 138 138 138 138 130 124
141 344 338 338 338 162 141 141 141 141 141 141 141 141
141 345 338 338 338 163 142 141 141 141 141 141 141 141
26444 67815 51333 29399 29399 29399 29399 29381 26655 26655 26654 26654 26650 26622
29188 70559 66423 32143 32143 32143 32123 31947 31946 31946 31946 31946 30548 29188
428999 1007962 626546 467626 434466 429210 429209 429209 429209 429209 429209 429201 429159 428999
4085541 7135200 4664736 4664736 4444084 4123968 4123958 4123958 4097382 4085542 4085541 4085541 4085541 4085541
72892544 128526691 80998531 80998531 80657932 80427432 75241272 72892740 72892740 72892740 72892740 72892740 72892604 72892544
490938731 604460966 604135068 603922990 603922932 597662400 596354980 596352874 596352235 529873985 490938731 490938731 490938731 490938731
495885863 609408098 609408098 609408098 609401203 609369682 607941360 601839949 601839949 547704910 496426445 496072392 495885863 495885863
0 1 0 0 0 0 0 0 0 0 0 0 0 0 0
0 1 1 1 1 1 1 1 0 0 0 0 0 0 0
0 1 1 1 1 1 1 1 1 1 1 0 0 0 0
0 1 1 1 1 1 1 1 1 1 1 1 0 0 0
1 7 2 2 2 1 1 1 1 1 1 1 1 1 1
37 162 53 53 52 52 52 41 37 37 37 37 37 37 37
63 304 130 70 64 64 63 63 63 63 63 63 63 63 63
123 364 364 362 182 124 124 124 124 124 124 124 124 123 123
126 367 367 367 242 142 137 127 127 127 126 126 126 126 126
126 367 367 367 243 142 138 127 127 127 127 126 126 126 126
23054 74811 26670 26661 26445 26445 26444 26444 26444 26444 26444 26444 26444 26444 23951
28752 82993 41967 28993 28993 28993 28993 28992 28992 28992 28992 28992 28984 28939 28752
378344 907778 432585 432585 432585 431903 429210 429210 429209 398152 378584 378577 378359 378359 378352
3322776 4136392 4112642 4085767 4085767 4085767 4085762 4085627 4082377 4082377 4082376 4082376 4082376 3451126 3322876
60828889 73032001 73032000 73032000 73032000 73031777 72527779 72221775 72221775 72221775 72221775 72221775 72221775 65692277 60831150
451446025 634509476 634509476 634509476 634506266 597006641 463646726 463646726 463646726 463609766 463306016 459509126 451446086 451446086 451446086
456307551 639368793 639367792 639367792 639367668 614211318 468508188 468508177 468508177 468508177 468508177 468411302 465373802 456311927 456307551
0 1 0 0 0 0 0 0 0 0 0 0 0 0 0 0
0 1 1 1 1 1 1 1 0 0 0 0 0 0 0 0
0 1 1 1 1 1 1 1 1 1 1 0 0 0 0 0
0 1 1 1 1 1 1 1 1 1 1 1 0 0 0 0
1 6 2 2 1 1 1 1 1 1 1 1 1 1 1 1
36 131 53 53 51 37 37 37 37 37 37 37 37 37 36 36
47 309 64 64 64 63 63 63 63 63 63 63 63 63 63 52
107 380 380 314 124 124 124 124 124 124 124 122 108 108 107 107
110 383 383 359 127 127 127 127 126 126 126 126 126 126 118 110
110 383 383 360 127 127 127 127 127 126 126 126 126 126 119 110
22572 60121 26685 26685 26685 26685 26685 26685 23051 22589 22589 22589 22587 22573 22572 22572
24888 74825 29001 28993 28993 28993 28993 28993 28992 28992 28992 25416 24896 24896 24896 24896
370632 626529 429921 375001 375001 375001 374881 374745 374736 374728 374728 374728 374728 372304 370632 370632
3087303 4205784 4205784 4205784 4205784 4205784 4205656 4205528 4178504 3651784 3087304 3087304 3087304 3087304 3087304 3087304
57171791 74914644 74018912 74018912 74018911 74018911 74018911 74018911 74018911 59186003 57240391 57237343 57237343 57215571 57171807 57171795
419730757 706061910 706061740 619976620 437626198 437626188 437626181 437622683 437622085 437622085 435423131 420844869 420844869 420743067 419760027 419730757
424650033 710981184 710981184 637239361 442545728 442545728 442545728 442545728 442545728 442204225 441483074 434798401 424652609 424650048 424650048 424650048
